0 info it worked if it ends with ok
1 verbose cli [ '/usr/local/Cellar/node/7.7.3/bin/node',
1 verbose cli   '/usr/local/bin/npm',
1 verbose cli   'run',
1 verbose cli   'serve' ]
2 info using npm@4.1.2
3 info using node@v7.7.3
4 verbose run-script [ 'preserve', 'serve', 'postserve' ]
5 info lifecycle flocking@1.0.0~preserve: flocking@1.0.0
6 silly lifecycle flocking@1.0.0~preserve: no script for preserve, continuing
7 info lifecycle flocking@1.0.0~serve: flocking@1.0.0
8 verbose lifecycle flocking@1.0.0~serve: unsafe-perm in lifecycle true
9 verbose lifecycle flocking@1.0.0~serve: PATH: /usr/local/lib/node_modules/npm/bin/node-gyp-bin:/Users/devlau/dev/flock/node_modules/.bin:/usr/local/bin:/usr/bin:/bin:/usr/sbin:/sbin
10 verbose lifecycle flocking@1.0.0~serve: CWD: /Users/devlau/dev/flock
11 silly lifecycle flocking@1.0.0~serve: Args: [ '-c', 'webpack-dev-server --progress --watch' ]
12 silly lifecycle flocking@1.0.0~serve: Returned: code: 1  signal: null
13 info lifecycle flocking@1.0.0~serve: Failed to exec serve script
14 verbose stack Error: flocking@1.0.0 serve: `webpack-dev-server --progress --watch`
14 verbose stack Exit status 1
14 verbose stack     at EventEmitter.<anonymous> (/usr/local/lib/node_modules/npm/lib/utils/lifecycle.js:279:16)
14 verbose stack     at emitTwo (events.js:106:13)
14 verbose stack     at EventEmitter.emit (events.js:194:7)
14 verbose stack     at ChildProcess.<anonymous> (/usr/local/lib/node_modules/npm/lib/utils/spawn.js:40:14)
14 verbose stack     at emitTwo (events.js:106:13)
14 verbose stack     at ChildProcess.emit (events.js:194:7)
14 verbose stack     at maybeClose (internal/child_process.js:899:16)
14 verbose stack     at Process.ChildProcess._handle.onexit (internal/child_process.js:226:5)
15 verbose pkgid flocking@1.0.0
16 verbose cwd /Users/devlau/dev/flock
17 error Darwin 16.5.0
18 error argv "/usr/local/Cellar/node/7.7.3/bin/node" "/usr/local/bin/npm" "run" "serve"
19 error node v7.7.3
20 error npm  v4.1.2
21 error code ELIFECYCLE
22 error flocking@1.0.0 serve: `webpack-dev-server --progress --watch`
22 error Exit status 1
23 error Failed at the flocking@1.0.0 serve script 'webpack-dev-server --progress --watch'.
23 error Make sure you have the latest version of node.js and npm installed.
23 error If you do, this is most likely a problem with the flocking package,
23 error not with npm itself.
23 error Tell the author that this fails on your system:
23 error     webpack-dev-server --progress --watch
23 error You can get information on how to open an issue for this project with:
23 error     npm bugs flocking
23 error Or if that isn't available, you can get their info via:
23 error     npm owner ls flocking
23 error There is likely additional logging output above.
24 verbose exit [ 1, true ]
